
==================== Printing 3AC Code ==================
0.   _foo:
1.   BEGINFUNC 4
2.   1t = 4
3.   2t = 1t MULI 2
4.   3t = a ADDI 2t
5.   4t = ( INT*_TO_INT ) *(3t)
6.   b = 4t
7.   END_FUNCTION

8.   _main:
9.   BEGINFUNC 28
10.   5t = 8
11.   6t = 5t MULI 0
12.   7t = a ADDI 6t
13.   *(7t) = 1
14.   8t = 5t MULI 1
15.   9t = a ADDI 8t
16.   *(9t) = 2
17.   10t = 5t MULI 2
18.   11t = a ADDI 10t
19.   *(11t) = 3
20.   12t = 5t MULI 3
21.   13t = a ADDI 12t
22.   *(13t) = 4
23.   14t = 5t MULI 4
24.   15t = a ADDI 14t
25.   *(15t) = 5
26.   PUSHPARAM a
27.   LCALL _foo
28.   POPPARAM 8
29.   Return 0
30.   END_FUNCTION


====================================================
