
==================== Printing 3AC Code ==================
0.   _hofstaderFemale:
1.   BEGINFUNC 0
2.   1t = n LESS 0
3.   IF 1t THEN GOTO 5
4.   GOTO 7
5.   Return 0
6.   GOTO 18
7.   2t = n EQ 0
8.   IF 2t THEN GOTO 10
9.   GOTO 12
10.   Return 1
11.   GOTO 18
12.   3t = n SUBI 1
13.   PUSHPARAM 3t
14.   4t = LCALL _hofstaderFemale
15.   POPPARAM 4
16.   5t = n SUBI 4t
17.   Return 5t
18.   END_FUNCTION

19.   _hofstaderMale:
20.   BEGINFUNC 0
21.   6t = n LESS 0
22.   IF 6t THEN GOTO 24
23.   GOTO 26
24.   Return 0
25.   GOTO 37
26.   7t = n EQ 0
27.   IF 7t THEN GOTO 29
28.   GOTO 31
29.   Return 0
30.   GOTO 37
31.   8t = n SUBI 1
32.   PUSHPARAM 8t
33.   9t = LCALL _hofstaderMale
34.   POPPARAM 4
35.   10t = n SUBI 9t
36.   Return 10t
37.   END_FUNCTION

38.   _main:
39.   BEGINFUNC 8
40.   i = 0
41.   11t = i LESS 20
42.   IF 11t THEN GOTO 47
43.   GOTO 52
44.   12t = i ADDI 1
45.   i = 12t
46.   GOTO 41
47.   PUSHPARAM i
48.   13t = LCALL _hofstaderFemale
49.   POPPARAM 4
50.   k = 13t
51.   GOTO 44
52.   i = 0
53.   14t = i LESS 20
54.   IF 14t THEN GOTO 59
55.   GOTO 64
56.   15t = i ADDI 1
57.   i = 15t
58.   GOTO 53
59.   PUSHPARAM i
60.   16t = LCALL _hofstaderMale
61.   POPPARAM 4
62.   k = 16t
63.   GOTO 56
64.   Return 0
65.   END_FUNCTION


====================================================
