
==================== Printing 3AC Code ==================
0.   _main:
1.   BEGINFUNC 24
2.   a = 3
3.   b = 2
4.   c = 0
5.   1t = a EQ b
6.   IF 1t THEN GOTO 8
7.   GOTO 19
8.   2t = c EQ 0
9.   IF 2t THEN GOTO 11
10.   GOTO 13
11.   p = 'a'
12.   GOTO 19
13.   3t = c EQ 1
14.   IF 3t THEN GOTO 16
15.   GOTO 18
16.   q = 'a'
17.   GOTO 19
18.   r = 'b'
19.   4t = LOGICAL_NOT c
20.   IF 4t THEN GOTO 22
21.   GOTO 39
22.   IF a THEN GOTO 24
23.   GOTO 39
24.   5t = ( CHAR_TO_INT ) p
25.   6t = 5t MULI c
26.   7t = 6t ADDI b
27.   8t = a EQ 7t
28.   IF 8t THEN GOTO 30
29.   GOTO 32
30.   Return 0
31.   GOTO 39
32.   9t = ( CHAR_TO_INT ) p
33.   10t = 9t MULI c
34.   11t = 10t ADDI b
35.   12t = 11t ADDI 1
36.   13t = a EQ 12t
37.   IF 13t THEN GOTO 39
38.   GOTO 39
39.   END_FUNCTION


====================================================
