
==================== Printing 3AC Code ==================
0.   EPSILON = 0.001
1.   _abs:
2.   BEGINFUNC 0
3.   Return h
4.   END_FUNCTION

5.   _func:
6.   BEGINFUNC 0
7.   1t = x MULF x
8.   2t = 1t MULF x
9.   3t = x MULF x
10.   4t = 2t SUBF 3t
11.   5t = ( INT_TO_FLOAT ) 2
12.   6t = 4t ADDF 5t
13.   Return 6t
14.   END_FUNCTION

15.   _derivFunc:
16.   BEGINFUNC 0
17.   7t = ( INT_TO_FLOAT ) 3
18.   8t = 7t MULF x
19.   9t = 8t MULF x
20.   10t = ( INT_TO_FLOAT ) 2
21.   11t = 10t MULF x
22.   12t = 9t SUBF 11t
23.   Return 12t
24.   END_FUNCTION

25.   _newtonRaphson:
26.   BEGINFUNC 4
27.   PUSHPARAM x
28.   13t = LCALL _func
29.   POPPARAM 4
30.   PUSHPARAM x
31.   14t = LCALL _derivFunc
32.   POPPARAM 4
33.   15t = func DIVF derivFunc
34.   h = 15t
35.   PUSHPARAM h
36.   16t = LCALL _abs
37.   POPPARAM 4
38.   17t = abs GEQ EPSILON
39.   IF 17t THEN GOTO 41
40.   GOTO BLANK
41.   PUSHPARAM x
42.   18t = LCALL _func
43.   POPPARAM 4
44.   PUSHPARAM x
45.   19t = LCALL _derivFunc
46.   POPPARAM 4
47.   20t = func DIVF derivFunc
48.   h = 20t
49.   21t = x SUBF h
50.   x = 21t
51.   GOTO 35
52.   END_FUNCTION

53.   _main:
54.   BEGINFUNC 4
55.   22t = UNARY_MINUS 20
56.   23t = ( INT_TO_FLOAT ) 22t
57.   x0 = 23t
58.   PUSHPARAM x0
59.   LCALL _newtonRaphson
60.   POPPARAM 4
61.   Return 0
62.   END_FUNCTION


====================================================
