
==================== Printing 3AC Code ==================
0.   _main:
1.   BEGINFUNC 36
2.   1t = UNARY_MINUS 9
3.   a = 1t
4.   b = 10
5.   2t = UNARY_MINUS 9.8
6.   x = 2t
7.   3t = ( INT_TO_FLOAT ) a
8.   4t = 3t MULF 1.4
9.   5t = ( INT_TO_FLOAT ) b
10.   6t = 5t MULF 7.5
11.   7t = 4t ADDF 6t
12.   8t = ( INT_TO_FLOAT ) 24
13.   9t = 7t SUBF 8t
14.   y = 9t
15.   p = 'c'
16.   10t = ( INT_TO_CHAR ) 90
17.   q = 10t
18.   11t = a MULI b
19.   c = 11t
20.   12t = UNARY_MINUS a
21.   13t = 12t MULI b
22.   c = 13t
23.   14t = UNARY_MINUS a
24.   15t = 14t ADDI b
25.   c = 15t
26.   16t = a ADDI b
27.   c = 16t
28.   17t = UNARY_MINUS a
29.   18t = 17t DIVI b
30.   c = 18t
31.   19t = a DIVI b
32.   c = 19t
33.   20t = a SUBI b
34.   c = 20t
35.   21t = UNARY_MINUS a
36.   22t = 21t SUBI b
37.   c = 22t
38.   23t = x MULF y
39.   z = 23t
40.   24t = UNARY_MINUS x
41.   25t = 24t MULF y
42.   z = 25t
43.   26t = UNARY_MINUS x
44.   27t = 26t ADDF y
45.   z = 27t
46.   28t = x ADDF y
47.   z = 28t
48.   29t = UNARY_MINUS x
49.   30t = 29t DIVF y
50.   z = 30t
51.   31t = x DIVF y
52.   z = 31t
53.   32t = x SUBF y
54.   z = 32t
55.   33t = UNARY_MINUS x
56.   34t = 33t SUBF y
57.   z = 34t
58.   35t = p MULI q
59.   r = 35t
60.   36t = UNARY_MINUS p
61.   37t = 36t MULI q
62.   r = 37t
63.   38t = UNARY_MINUS p
64.   39t = 38t ADDI q
65.   r = 39t
66.   40t = p ADDI q
67.   r = 40t
68.   41t = UNARY_MINUS p
69.   42t = 41t DIVI q
70.   r = 42t
71.   43t = p DIVI q
72.   r = 43t
73.   44t = p SUBI q
74.   r = 44t
75.   45t = UNARY_MINUS p
76.   46t = 45t SUBI q
77.   r = 46t
78.   47t = ( INT_TO_FLOAT ) a
79.   48t = 47t MULF y
80.   z = 48t
81.   49t = UNARY_MINUS a
82.   50t = ( INT_TO_FLOAT ) 49t
83.   51t = 50t MULF y
84.   z = 51t
85.   52t = UNARY_MINUS a
86.   53t = ( INT_TO_FLOAT ) 52t
87.   54t = 53t ADDF y
88.   z = 54t
89.   55t = ( INT_TO_FLOAT ) a
90.   56t = 55t ADDF y
91.   z = 56t
92.   57t = UNARY_MINUS a
93.   58t = ( INT_TO_FLOAT ) 57t
94.   59t = 58t DIVF y
95.   z = 59t
96.   60t = ( INT_TO_FLOAT ) a
97.   61t = 60t DIVF y
98.   z = 61t
99.   62t = ( INT_TO_FLOAT ) a
100.   63t = 62t SUBF y
101.   z = 63t
102.   64t = UNARY_MINUS a
103.   65t = ( INT_TO_FLOAT ) 64t
104.   66t = 65t SUBF y
105.   z = 66t
106.   67t = ( INT_TO_FLOAT ) a
107.   68t = 67t MULF y
108.   69t = ( FLOAT_TO_CHAR ) 68t
109.   r = 69t
110.   70t = UNARY_MINUS a
111.   71t = ( INT_TO_FLOAT ) 70t
112.   72t = 71t MULF y
113.   73t = ( FLOAT_TO_CHAR ) 72t
114.   r = 73t
115.   74t = UNARY_MINUS a
116.   75t = ( INT_TO_FLOAT ) 74t
117.   76t = 75t ADDF y
118.   77t = ( FLOAT_TO_CHAR ) 76t
119.   r = 77t
120.   78t = ( INT_TO_FLOAT ) a
121.   79t = 78t ADDF y
122.   80t = ( FLOAT_TO_CHAR ) 79t
123.   r = 80t
124.   81t = UNARY_MINUS a
125.   82t = ( INT_TO_FLOAT ) 81t
126.   83t = 82t DIVF y
127.   84t = ( FLOAT_TO_CHAR ) 83t
128.   r = 84t
129.   85t = ( INT_TO_FLOAT ) a
130.   86t = 85t DIVF y
131.   87t = ( FLOAT_TO_CHAR ) 86t
132.   r = 87t
133.   88t = ( INT_TO_FLOAT ) a
134.   89t = 88t SUBF y
135.   90t = ( FLOAT_TO_CHAR ) 89t
136.   r = 90t
137.   91t = UNARY_MINUS a
138.   92t = ( INT_TO_FLOAT ) 91t
139.   93t = 92t SUBF y
140.   94t = ( FLOAT_TO_CHAR ) 93t
141.   r = 94t
142.   95t = ( CHAR_TO_FLOAT ) p
143.   96t = 95t MULF y
144.   z = 96t
145.   97t = UNARY_MINUS p
146.   98t = ( CHAR_TO_FLOAT ) 97t
147.   99t = 98t MULF y
148.   z = 99t
149.   100t = UNARY_MINUS p
150.   101t = ( CHAR_TO_FLOAT ) 100t
151.   102t = 101t ADDF y
152.   z = 102t
153.   103t = ( CHAR_TO_FLOAT ) p
154.   104t = 103t ADDF y
155.   z = 104t
156.   105t = UNARY_MINUS p
157.   106t = ( CHAR_TO_FLOAT ) 105t
158.   107t = 106t DIVF y
159.   z = 107t
160.   108t = ( CHAR_TO_FLOAT ) p
161.   109t = 108t DIVF y
162.   z = 109t
163.   110t = ( CHAR_TO_FLOAT ) p
164.   111t = 110t SUBF y
165.   z = 111t
166.   112t = UNARY_MINUS p
167.   113t = ( CHAR_TO_FLOAT ) 112t
168.   114t = 113t SUBF y
169.   z = 114t
170.   115t = ( CHAR_TO_FLOAT ) p
171.   116t = 115t MULF y
172.   117t = ( FLOAT_TO_INT ) 116t
173.   c = 117t
174.   118t = UNARY_MINUS p
175.   119t = ( CHAR_TO_FLOAT ) 118t
176.   120t = 119t MULF y
177.   121t = ( FLOAT_TO_INT ) 120t
178.   c = 121t
179.   122t = UNARY_MINUS p
180.   123t = ( CHAR_TO_FLOAT ) 122t
181.   124t = 123t ADDF y
182.   125t = ( FLOAT_TO_INT ) 124t
183.   c = 125t
184.   126t = ( CHAR_TO_FLOAT ) p
185.   127t = 126t ADDF y
186.   128t = ( FLOAT_TO_INT ) 127t
187.   c = 128t
188.   129t = UNARY_MINUS p
189.   130t = ( CHAR_TO_FLOAT ) 129t
190.   131t = 130t DIVF y
191.   132t = ( FLOAT_TO_INT ) 131t
192.   c = 132t
193.   133t = ( CHAR_TO_FLOAT ) p
194.   134t = 133t DIVF y
195.   135t = ( FLOAT_TO_INT ) 134t
196.   c = 135t
197.   136t = ( CHAR_TO_FLOAT ) p
198.   137t = 136t SUBF y
199.   138t = ( FLOAT_TO_INT ) 137t
200.   c = 138t
201.   139t = UNARY_MINUS p
202.   140t = ( CHAR_TO_FLOAT ) 139t
203.   141t = 140t SUBF y
204.   142t = ( FLOAT_TO_INT ) 141t
205.   c = 142t
206.   Return 0
207.   END_FUNCTION


====================================================
