
==================== Printing 3AC Code ==================
0.   _foo:
1.   BEGINFUNC 0
2.   Return x
3.   END_FUNCTION

4.   _bar:
5.   BEGINFUNC 0
6.   Return x
7.   END_FUNCTION

8.   _main:
9.   BEGINFUNC 16
10.   a = 1
11.   b = 2
12.   c = 3
13.   d = 4
14.   1t = a EQ 1
15.   IF 1t THEN GOTO 17
16.   GOTO 18
17.   d = 5
18.   PUSHPARAM 2
19.   2t = LCALL _foo
20.   POPPARAM 4
21.   3t = b EQ foo
22.   IF 3t THEN GOTO 24
23.   GOTO 28
24.   4t = c EQ b
25.   IF 4t THEN GOTO 27
26.   GOTO 28
27.   d = 6
28.   5t = b EQ c
29.   IF 5t THEN GOTO 39
30.   GOTO 31
31.   6t = ( INT_TO_FLOAT ) 12
32.   PUSHPARAM 6t
33.   7t = LCALL _bar
34.   POPPARAM 4
35.   8t = ( INT_TO_FLOAT ) d
36.   9t = bar EQ 8t
37.   IF 9t THEN GOTO 39
38.   GOTO 41
39.   10t = ( FLOAT_TO_INT ) 34.90
40.   b = 10t
41.   END_FUNCTION


====================================================
