
==================== Printing 3AC Code ==================
0.   _calculateDistanceSquare:
1.   BEGINFUNC 12
2.   1t = point1.x SUBI point2.x
3.   xDiff = 1t
4.   2t = point1.y SUBI point2.y
5.   yDiff = 2t
6.   3t = xDiff MULI xDiff
7.   4t = yDiff MULI yDiff
8.   5t = 3t ADDI 4t
9.   distance = 5t
10.   Return distance
11.   END_FUNCTION

12.   _xProjection:
13.   BEGINFUNC 8
14.   projection.x = point.x
15.   projection.y = 0
16.   END_FUNCTION

17.   _main:
18.   BEGINFUNC 28
19.   point1.x = 1
20.   point1.y = 2
21.   point2.x = 3
22.   point2.y = 4
23.   PUSHPARAM point1
24.   PUSHPARAM point2
25.   6t = LCALL _calculateDistanceSquare
26.   POPPARAM -200
27.   dist = 6t
28.   PUSHPARAM point1
29.   LCALL _xProjection
30.   POPPARAM -100
31.   Return 0
32.   END_FUNCTION


====================================================
