
==================== Printing 3AC Code ==================
0.   _main:
1.   BEGINFUNC 36
2.   1t = UNARY_MINUS 9
3.   a = 1t
4.   b = 10
5.   2t = UNARY_MINUS 9.8
6.   x = 2t
7.   3t = ( INT_TO_FLOAT ) a
8.   4t = 3t MULF 1.4
9.   5t = ( INT_TO_FLOAT ) b
10.   6t = 5t MULF 7.5
11.   7t = 4t ADDF 6t
12.   8t = ( INT_TO_FLOAT ) 24
13.   9t = 7t SUBF 8t
14.   y = 9t
15.   p = 'c'
16.   10t = ( INT_TO_CHAR ) 90
17.   q = 10t
18.   11t = a MULI b
19.   c = 11t
20.   12t = UNARY_MINUS a
21.   13t = 12t MULI b
22.   c = 13t
23.   14t = UNARY_MINUS a
24.   15t = 14t ADDI b
25.   c = 15t
26.   16t = a ADDI b
27.   c = 16t
28.   17t = UNARY_MINUS a
29.   18t = 17t DIVI b
30.   c = 18t
31.   19t = a DIVI b
32.   c = 19t
33.   20t = a SUBI b
34.   c = 20t
35.   21t = UNARY_MINUS a
36.   22t = 21t SUBI b
37.   c = 22t
38.   23t = x MULF y
39.   z = 23t
40.   24t = UNARY_MINUS x
41.   25t = 24t MULF y
42.   z = 25t
43.   26t = UNARY_MINUS x
44.   27t = 26t ADDF y
45.   z = 27t
46.   28t = x ADDF y
47.   z = 28t
48.   29t = UNARY_MINUS x
49.   30t = 29t DIVF y
50.   z = 30t
51.   31t = x DIVF y
52.   z = 31t
53.   32t = x SUBF y
54.   z = 32t
55.   33t = UNARY_MINUS x
56.   34t = 33t SUBF y
57.   z = 34t
58.   35t = p MULI q
59.   r = 35t
60.   36t = UNARY_MINUS p
61.   37t = 36t MULI q
62.   r = 37t
63.   38t = UNARY_MINUS p
64.   39t = 38t ADDI q
65.   r = 39t
66.   40t = p ADDI q
67.   r = 40t
68.   41t = UNARY_MINUS p
69.   42t = 41t DIVI q
70.   r = 42t
71.   43t = p DIVI q
72.   r = 43t
73.   44t = p SUBI q
74.   r = 44t
75.   45t = UNARY_MINUS p
76.   46t = 45t SUBI q
77.   r = 46t
78.   Return 0
79.   END_FUNCTION


====================================================
