
==================== Printing 3AC Code ==================
0.   _main:
1.   BEGINFUNC 32
2.   1t = UNARY_MINUS 1
3.   a = 1t
4.   2t = UNARY_MINUS 0.5
5.   3t = ( FLOAT_TO_INT ) 2t
6.   a = 3t
7.   4t = UNARY_MINUS a
8.   b = 4t
9.   5t = LOGICAL_NOT a
10.   b = 5t
11.   6t = BITWISE_NOT a
12.   b = 6t
13.   7t = BITWISE_NOT 5
14.   b = 7t
15.   8t = ( CHAR_TO_INT ) 'c'
16.   9t = BITWISE_NOT 8t
17.   b = 9t
18.   c = *(e)
19.   10t = ADDR d
20.   f = 10t
21.   END_FUNCTION


====================================================
